<?xml version="1.0" encoding="UTF-8"?>
<!-- Generated by org.testng.reporters.JUnitReportReporter -->
<testsuite hostname="DESKTOP-C7858AT" failures="0" tests="3" name="MultiBrowser_Compatibity_Testing.Multi_Browser1" time="171.822" errors="1" timestamp="2023-09-08T14:03:19 IST" skipped="0">
  <testcase classname="MultiBrowser_Compatibity_Testing.Multi_Browser1" name="TC1" time="32.710"/>
  <testcase classname="MultiBrowser_Compatibity_Testing.Multi_Browser1" name="TC1" time="136.919"/>
  <testcase classname="MultiBrowser_Compatibity_Testing.Multi_Browser1" name="TC1" time="2.193">
    <error message="Unable to obtain: Capabilities {acceptInsecureCerts: true, browserName: firefox, moz:debuggerAddress: true, moz:firefoxOptions: {}}, error Command failed with code: -1073740791, executed: [C:\Users\HP\AppData\Local\Temp\selenium-manager2621585363835994390025906813484771\selenium-manager.exe, --browser, firefox, --output, json]
thread &#039;main&#039; panicked at &#039;called `Result::unwrap()` on an `Err` value: Os { code: 1920, kind: Uncategorized, message: &quot;The file cannot be accessed by the system.&quot; }&#039;, src\lib.rs:656:14
note: run with `RUST_BACKTRACE=1` environment variable to display a backtrace
" type="org.openqa.selenium.remote.NoSuchDriverException">
      <![CDATA[org.openqa.selenium.remote.NoSuchDriverException: Unable to obtain: Capabilities {acceptInsecureCerts: true, browserName: firefox, moz:debuggerAddress: true, moz:firefoxOptions: {}}, error Command failed with code: -1073740791, executed: [C:\Users\HP\AppData\Local\Temp\selenium-manager2621585363835994390025906813484771\selenium-manager.exe, --browser, firefox, --output, json]
thread 'main' panicked at 'called `Result::unwrap()` on an `Err` value: Os { code: 1920, kind: Uncategorized, message: "The file cannot be accessed by the system." }', src\lib.rs:656:14
note: run with `RUST_BACKTRACE=1` environment variable to display a backtrace

at org.openqa.selenium.remote.service.DriverFinder.getPath(DriverFinder.java:25)
at org.openqa.selenium.remote.service.DriverFinder.getPath(DriverFinder.java:13)
at org.openqa.selenium.firefox.FirefoxDriver.generateExecutor(FirefoxDriver.java:141)
at org.openqa.selenium.firefox.FirefoxDriver.<init>(FirefoxDriver.java:132)
at org.openqa.selenium.firefox.FirefoxDriver.<init>(FirefoxDriver.java:127)
at org.openqa.selenium.firefox.FirefoxDriver.<init>(FirefoxDriver.java:112)
at org.openqa.selenium.firefox.FirefoxDriver.<init>(FirefoxDriver.java:102)
at MultiBrowser_Compatibity_Testing.Multi_Browser1.TC1(Multi_Browser1.java:28)
at java.base/jdk.internal.reflect.NativeMethodAccessorImpl.invoke0(Native Method)
at java.base/jdk.internal.reflect.NativeMethodAccessorImpl.invoke(NativeMethodAccessorImpl.java:77)
at java.base/jdk.internal.reflect.DelegatingMethodAccessorImpl.invoke(DelegatingMethodAccessorImpl.java:43)
at java.base/java.lang.reflect.Method.invoke(Method.java:568)
at org.testng.internal.invokers.MethodInvocationHelper.invokeMethod(MethodInvocationHelper.java:139)
at org.testng.internal.invokers.TestInvoker.invokeMethod(TestInvoker.java:664)
at org.testng.internal.invokers.TestInvoker.invokeTestMethod(TestInvoker.java:227)
at org.testng.internal.invokers.MethodRunner.runInSequence(MethodRunner.java:50)
at org.testng.internal.invokers.TestInvoker$MethodInvocationAgent.invoke(TestInvoker.java:957)
at org.testng.internal.invokers.TestInvoker.invokeTestMethods(TestInvoker.java:200)
at org.testng.internal.invokers.TestMethodWorker.invokeTestMethods(TestMethodWorker.java:148)
at org.testng.internal.invokers.TestMethodWorker.run(TestMethodWorker.java:128)
at java.base/java.util.ArrayList.forEach(ArrayList.java:1511)
at org.testng.TestRunner.privateRun(TestRunner.java:848)
at org.testng.TestRunner.run(TestRunner.java:621)
at org.testng.SuiteRunner.runTest(SuiteRunner.java:443)
at org.testng.SuiteRunner.runSequentially(SuiteRunner.java:437)
at org.testng.SuiteRunner.privateRun(SuiteRunner.java:397)
at org.testng.SuiteRunner.run(SuiteRunner.java:336)
at org.testng.SuiteRunnerWorker.runSuite(SuiteRunnerWorker.java:52)
at org.testng.SuiteRunnerWorker.run(SuiteRunnerWorker.java:95)
at org.testng.TestNG.runSuitesSequentially(TestNG.java:1280)
at org.testng.TestNG.runSuitesLocally(TestNG.java:1200)
at org.testng.TestNG.runSuites(TestNG.java:1114)
at org.testng.TestNG.run(TestNG.java:1082)
at org.testng.remote.AbstractRemoteTestNG.run(AbstractRemoteTestNG.java:115)
at org.testng.remote.RemoteTestNG.initAndRun(RemoteTestNG.java:251)
at org.testng.remote.RemoteTestNG.main(RemoteTestNG.java:77)
Caused by: org.openqa.selenium.WebDriverException: Command failed with code: -1073740791, executed: [C:\Users\HP\AppData\Local\Temp\selenium-manager2621585363835994390025906813484771\selenium-manager.exe, --browser, firefox, --output, json]
thread 'main' panicked at 'called `Result::unwrap()` on an `Err` value: Os { code: 1920, kind: Uncategorized, message: "The file cannot be accessed by the system." }', src\lib.rs:656:14
note: run with `RUST_BACKTRACE=1` environment variable to display a backtrace

at org.openqa.selenium.manager.SeleniumManager.runCommand(SeleniumManager.java:151)
at org.openqa.selenium.manager.SeleniumManager.getDriverPath(SeleniumManager.java:273)
at org.openqa.selenium.remote.service.DriverFinder.getPath(DriverFinder.java:22)
... 35 more
Caused by: org.openqa.selenium.json.JsonException: Unable to parse: thread 'main' panicked at 'called `Result::unwrap()` on an `Err` value: Os { code: 1920, kind: Uncategorized, message: "The file cannot be accessed by the system." }', src\lib.rs:656:14
note: run with `RUST_BACKTRACE=1` environment variable to display a backtrace

at org.openqa.selenium.json.Json.toType(Json.java:62)
at org.openqa.selenium.json.Json.toType(Json.java:55)
at org.openqa.selenium.manager.SeleniumManager.runCommand(SeleniumManager.java:131)
... 37 more
Caused by: org.openqa.selenium.json.JsonException: Expected to read a START_MAP but instead have: BOOLEAN. Last 0 characters read: 
Build info: version: '4.11.0', revision: '040bc5406b'
System info: os.name: 'Windows 11', os.arch: 'amd64', os.version: '10.0', java.version: '17.0.3'
Driver info: driver.version: FirefoxDriver
at org.openqa.selenium.json.JsonInput.expect(JsonInput.java:315)
at org.openqa.selenium.json.JsonInput.beginObject(JsonInput.java:238)
at org.openqa.selenium.json.InstanceCoercer.lambda$apply$0(InstanceCoercer.java:76)
at org.openqa.selenium.json.JsonTypeCoercer.lambda$buildCoercer$6(JsonTypeCoercer.java:163)
at org.openqa.selenium.json.JsonTypeCoercer.coerce(JsonTypeCoercer.java:145)
at org.openqa.selenium.json.Json.toType(Json.java:76)
at org.openqa.selenium.json.Json.toType(Json.java:60)
... 39 more
]]>
    </error>
  </testcase> <!-- TC1 -->
</testsuite> <!-- MultiBrowser_Compatibity_Testing.Multi_Browser1 -->
